0 info it worked if it ends with ok
1 verbose cli [ 'c:\\Program Files\\nodejs\\node.exe',
1 verbose cli   'c:\\Program Files\\nodejs\\node_modules\\npm\\bin\\npm-cli.js',
1 verbose cli   'publish' ]
2 info using npm@2.7.4
3 info using node@v0.12.2
4 verbose publish [ '.' ]
5 silly cache add args [ '.', null ]
6 verbose cache add spec .
7 silly cache add parsed spec { raw: '.',
7 silly cache add   scope: null,
7 silly cache add   name: null,
7 silly cache add   rawSpec: '.',
7 silly cache add   spec: 'c:\\ProjetosWeb\\jquery-assinadorDigitalDiscus',
7 silly cache add   type: 'directory' }
8 verbose addLocalDirectory C:\Users\rodrigoramos\AppData\Roaming\npm-cache\jquery-assinadordigitaldiscus\0.0.1\package.tgz not in flight; packing
9 verbose tar pack [ 'C:\\Users\\rodrigoramos\\AppData\\Roaming\\npm-cache\\jquery-assinadordigitaldiscus\\0.0.1\\package.tgz',
9 verbose tar pack   'c:\\ProjetosWeb\\jquery-assinadorDigitalDiscus' ]
10 verbose tarball C:\Users\rodrigoramos\AppData\Roaming\npm-cache\jquery-assinadordigitaldiscus\0.0.1\package.tgz
11 verbose folder c:\ProjetosWeb\jquery-assinadorDigitalDiscus
12 info prepublish jquery-assinadordigitaldiscus@0.0.1
13 verbose addLocalTarball adding from inside cache C:\Users\rodrigoramos\AppData\Roaming\npm-cache\jquery-assinadordigitaldiscus\0.0.1\package.tgz
14 silly cache afterAdd jquery-assinadordigitaldiscus@0.0.1
15 verbose afterAdd C:\Users\rodrigoramos\AppData\Roaming\npm-cache\jquery-assinadordigitaldiscus\0.0.1\package\package.json not in flight; writing
16 verbose afterAdd C:\Users\rodrigoramos\AppData\Roaming\npm-cache\jquery-assinadordigitaldiscus\0.0.1\package\package.json written
17 silly publish { name: 'jquery-assinadordigitaldiscus',
17 silly publish   title: 'jQuery Assinador Digital - Discus Tecnologia Plugin',
17 silly publish   version: '0.0.1',
17 silly publish   description: 'Plugin jQuery para comunicação com o Assinador Digital - Discus Tecnologia',
17 silly publish   main: 'dist/jquery-assinadorDigitalDiscus.js',
17 silly publish   scripts: { test: 'echo "Error: no test specified" && exit 1' },
17 silly publish   repository:
17 silly publish    { type: 'git',
17 silly publish      url: 'https://github.com/DiscusTecnologia/jquery-assinadorDigitalDiscus.git' },
17 silly publish   keywords:
17 silly publish    [ 'jQuery',
17 silly publish      'jquery-plugin',
17 silly publish      'plugin',
17 silly publish      'Assinador',
17 silly publish      'assinatura digital',
17 silly publish      'Discus',
17 silly publish      'Tecnologia',
17 silly publish      'certificado A3',
17 silly publish      'PKCS11',
17 silly publish      'PKCS7',
17 silly publish      'p7s',
17 silly publish      'pdf' ],
17 silly publish   author:
17 silly publish    { name: 'Rodrigo Ramos',
17 silly publish      email: 'rodrigoramos@discustecnologia.com.br' },
17 silly publish   license: 'MIT',
17 silly publish   bugs: { url: 'https://github.com/DiscusTecnologia/jquery-assinadorDigitalDiscus/issues' },
17 silly publish   homepage: 'https://github.com/DiscusTecnologia/jquery-assinadorDigitalDiscus',
17 silly publish   dependencies: { jquery: '^3.1.1' },
17 silly publish   devDependencies:
17 silly publish    { grunt: '^1.0.1',
17 silly publish      'grunt-contrib-concat': '^1.0.1',
17 silly publish      'grunt-contrib-copy': '^1.0.0',
17 silly publish      'grunt-contrib-uglify': '^2.0.0',
17 silly publish      'grunt-contrib-watch': '^1.0.0',
17 silly publish      jsdoc: '^3.4.2' },
17 silly publish   readme: '# jquery-assinadorDigitalDiscus\r\n![logo Discus Tecnologia](http://www.discustecnologia.com.br/images/logo_pq.png)\r\n\r\nPlugin jQuery para comunicação com o Assinador Digital - Discus Tecnologia\r\n\r\n---\r\n\r\n\r\n\r\nPlugin jQuery para comunicação com o Assinador Digital - Discus Tecnologia Este plugin para jQuery é distribuído livremente, mas o uso do Assinador Digital requer licença, entre em contato para adiquirir sua licença pelo email contato@discustecnologia.com.br, ou se preferir veja mais informações em [www.discustecnologia.com.br/assinador](www.discustecnologia.com.br/assinador).\r\n\r\n\r\n\r\n## O que é o Assinador Digital - Discus Tecnologia?\r\n\r\nO Assinador Digital é um aplicativo para que você possa utilizar suas aplicações web certificados digitais do tipo A3 via PKCS11 para realizar assinaturas digitais no padrão PKCS7 com a possibilidade de incluir carimbos de tempo nas assinaturas.\r\n\r\nVocê pode assinar tanto dados em texto ou arquivos PDF, tal como realizar validações nas assinaturas.\r\n\r\n\r\n\r\n### Como funciona?\r\n\r\nDepois de adquirir sua licença você receberá um token de identificação do cliente. A cada assinatura sua aplicação enviará uma requisição para nosso servidor verificar se você é um cliente autorizado. Sua aplicação então recebe um token de autorização de assinatura que deverá ser enviado ao assinador junto com os dados a serem assinados, após validar o token o assinador realiza a assinatura usando o certificado do cliente e devolve para sua aplicação.\r\n\r\n\r\n\r\n## Funcionalidades\r\n\r\n* Testar se o Assinador Digital - Discus Tecnologia está online\r\n* Assinar dados em formato texto (o retorno é um arquivo de assinatura do tipo .p7s)\r\n* Assinar arquivo(s) PDF (o retorno é o PDF assiando digitalmente)\r\n* Validar arquivo(s) .p7s\r\n* Validar arquivo(s) PDF\r\n\r\n\r\n## Compatibilidade\r\n\r\nEste plugin é compatível com todos os navegadores para desktop que suportam jQuery e Ajax.\r\nVocê pode usar o Assinador Digital - Discus Tecnologia e este plugin para jQuery em Windows, Linux e em breve testaremos em Mac OS.\r\n\r\n\r\n\r\n## Requisitos\r\n\r\nVocê precisa adquirir o Assinador Digital - Discus Tecnologia. Entre em [contato] conosco e solicite uma licença.\r\nPara executar o Assinador Digital os usuários precisam ter o [Java SE Runtime Environment 8](http://www.oracle.com/technetwork/pt/java/javase/downloads/) instalada.\r\n\r\n  [contato]: http://www.discustecnologia.com.br/contato\r\n\r\n\r\n\r\n## Instalação\r\n\r\nvia npm\r\n```sh\r\nnpm install jquery-assinadordigitaldiscus --save\r\n```\r\nvia bower\r\n```sh\r\nbower install jquery-assinadordigitaldiscus --save\r\n```\r\n\r\n\r\n\r\n## Documentação\r\n\r\nAcesse a documentação do plugin [aqui](https://github.com/DiscusTecnologia/jquery-assinadorDigitalDiscus/wiki/Documenta%C3%A7%C3%A3o).\r\nIncluído no repositório você encontra a pasta example que contém os exemplos de código para que você possa aprender tudo o que precisa para intregrar o plugin e consequentemente o Assinador Digital em seu projeto.\r\n\r\n\r\n\r\n## Licença\r\n\r\nCopyright © 2016 [Discus Tecnologia][1]\r\n\r\nLicenciado sob a licença MIT.\r\n\r\n  [1]: http://www.discustecnologia.com.br\r\n\r\n',
17 silly publish   readmeFilename: 'README.md',
17 silly publish   gitHead: '87fb47767ecc7ef5bf426fd968e02ab548300a1a',
17 silly publish   _id: 'jquery-assinadordigitaldiscus@0.0.1',
17 silly publish   _shasum: '75507f933056282251913d472622b1ee453569a5',
17 silly publish   _from: '.' }
18 silly mapToRegistry name jquery-assinadordigitaldiscus
19 silly mapToRegistry using default registry
20 silly mapToRegistry registry https://registry.npmjs.org/
21 silly mapToRegistry uri https://registry.npmjs.org/jquery-assinadordigitaldiscus
22 verbose publish registryBase https://registry.npmjs.org/
23 silly publish uploading C:\Users\rodrigoramos\AppData\Roaming\npm-cache\jquery-assinadordigitaldiscus\0.0.1\package.tgz
24 verbose request uri https://registry.npmjs.org/jquery-assinadordigitaldiscus
25 verbose request sending authorization for write operation
26 info attempt registry request try #1 at 13:26:23
27 verbose request using bearer token for auth
28 verbose request id a1b3309ac53763e1
29 http request PUT https://registry.npmjs.org/jquery-assinadordigitaldiscus
30 http 403 https://registry.npmjs.org/jquery-assinadordigitaldiscus
31 verbose headers { 'content-type': 'application/json',
31 verbose headers   'cache-control': 'max-age=300',
31 verbose headers   'content-length': '95',
31 verbose headers   'accept-ranges': 'bytes',
31 verbose headers   date: 'Fri, 07 Oct 2016 16:26:24 GMT',
31 verbose headers   via: '1.1 varnish',
31 verbose headers   connection: 'close',
31 verbose headers   'x-served-by': 'cache-gru7120-GRU',
31 verbose headers   'x-cache': 'MISS',
31 verbose headers   'x-cache-hits': '0',
31 verbose headers   'x-timer': 'S1475857583.782675,VS0,VE817',
31 verbose headers   vary: 'Accept-Encoding' }
32 verbose request invalidating C:\Users\rodrigoramos\AppData\Roaming\npm-cache\registry.npmjs.org\jquery-assinadordigitaldiscus on PUT
33 error publish Failed PUT 403
34 verbose stack Error: "You cannot publish over the previously published version 0.0.1." : jquery-assinadordigitaldiscus
34 verbose stack     at CachingRegistryClient.<anonymous> (c:\Program Files\nodejs\node_modules\npm\node_modules\npm-registry-client\lib\request.js:247:14)
34 verbose stack     at Request._callback (c:\Program Files\nodejs\node_modules\npm\node_modules\npm-registry-client\lib\request.js:170:14)
34 verbose stack     at Request.self.callback (c:\Program Files\nodejs\node_modules\npm\node_modules\request\request.js:344:22)
34 verbose stack     at Request.emit (events.js:110:17)
34 verbose stack     at Request.<anonymous> (c:\Program Files\nodejs\node_modules\npm\node_modules\request\request.js:1239:14)
34 verbose stack     at Request.emit (events.js:129:20)
34 verbose stack     at IncomingMessage.<anonymous> (c:\Program Files\nodejs\node_modules\npm\node_modules\request\request.js:1187:12)
34 verbose stack     at IncomingMessage.emit (events.js:129:20)
34 verbose stack     at _stream_readable.js:908:16
34 verbose stack     at process._tickCallback (node.js:355:11)
35 verbose statusCode 403
36 verbose pkgid jquery-assinadordigitaldiscus
37 verbose cwd c:\ProjetosWeb\jquery-assinadorDigitalDiscus
38 error Windows_NT 6.1.7601
39 error argv "c:\\Program Files\\nodejs\\node.exe" "c:\\Program Files\\nodejs\\node_modules\\npm\\bin\\npm-cli.js" "publish"
40 error node v0.12.2
41 error npm  v2.7.4
42 error code E403
43 error "You cannot publish over the previously published version 0.0.1." : jquery-assinadordigitaldiscus
44 error If you need help, you may report this error at:
44 error     <https://github.com/npm/npm/issues>
45 verbose exit [ 1, true ]
